Info: Starting: Create block symbol file (.bsf)
Info: qsys-generate C:\Users\Soumi\Documents\GitHub\ECE385_`\Lab6\lab61soc.qsys --block-symbol-file --output-directory=C:\Users\Soumi\Documents\GitHub\ECE385_`\Lab6\lab61soc --family="MAX 10" --part=10M50DAF484C7G
Progress: Loading Lab6/lab61soc.qsys
Progress: Reading input file
Progress: Adding Add [altera_avalon_pio 18.1]
Progress: Parameterizing module Add
Progress: Adding Execute [altera_avalon_pio 18.1]
Progress: Parameterizing module Execute
Progress: Adding clk_0 [clock_source 18.1]
Progress: Parameterizing module clk_0
Progress: Adding led [altera_avalon_pio 18.1]
Progress: Parameterizing module led
Progress: Adding nios2_gen2_0 [altera_nios2_gen2 18.1]
Progress: Parameterizing module nios2_gen2_0
Progress: Adding onchip_memory2_0 [altera_avalon_onchip_memory2 18.1]
Progress: Parameterizing module onchip_memory2_0
Progress: Adding sdram [altera_avalon_new_sdram_controller 18.1]
Progress: Parameterizing module sdram
Progress: Adding sdram_pll [altpll 18.1]
Progress: Parameterizing module sdram_pll
Progress: Adding switches [altera_avalon_pio 18.1]
Progress: Parameterizing module switches
Progress: Adding sysid_qsys_0 [altera_avalon_sysid_qsys 18.1]
Progress: Parameterizing module sysid_qsys_0
Progress: Building connections
Progress: Parameterizing connections
Progress: Validating
Progress: Done reading input file
Info: lab61soc.Add: PIO inputs are not hardwired in test bench. Undefined values will be read from PIO inputs during simulation.
Info: lab61soc.Execute: PIO inputs are not hardwired in test bench. Undefined values will be read from PIO inputs during simulation.
Info: lab61soc.sdram: SDRAM Controller will only be supported in Quartus Prime Standard Edition in the future release.
Info: lab61soc.switches: PIO inputs are not hardwired in test bench. Undefined values will be read from PIO inputs during simulation.
Info: lab61soc.sysid_qsys_0: System ID is not assigned automatically. Edit the System ID parameter to provide a unique ID
Info: lab61soc.sysid_qsys_0: Time stamp will be automatically updated when this component is generated.
Info: qsys-generate succeeded.
Info: Finished: Create block symbol file (.bsf)
Info: 
Info: Starting: Create HDL design files for synthesis
Info: qsys-generate C:\Users\Soumi\Documents\GitHub\ECE385_`\Lab6\lab61soc.qsys --synthesis=VERILOG --output-directory=C:\Users\Soumi\Documents\GitHub\ECE385_`\Lab6\lab61soc\synthesis --family="MAX 10" --part=10M50DAF484C7G
Progress: Loading Lab6/lab61soc.qsys
Progress: Reading input file
Progress: Adding Add [altera_avalon_pio 18.1]
Progress: Parameterizing module Add
Progress: Adding Execute [altera_avalon_pio 18.1]
Progress: Parameterizing module Execute
Progress: Adding clk_0 [clock_source 18.1]
Progress: Parameterizing module clk_0
Progress: Adding led [altera_avalon_pio 18.1]
Progress: Parameterizing module led
Progress: Adding nios2_gen2_0 [altera_nios2_gen2 18.1]
Progress: Parameterizing module nios2_gen2_0
Progress: Adding onchip_memory2_0 [altera_avalon_onchip_memory2 18.1]
Progress: Parameterizing module onchip_memory2_0
Progress: Adding sdram [altera_avalon_new_sdram_controller 18.1]
Progress: Parameterizing module sdram
Progress: Adding sdram_pll [altpll 18.1]
Progress: Parameterizing module sdram_pll
Progress: Adding switches [altera_avalon_pio 18.1]
Progress: Parameterizing module switches
Progress: Adding sysid_qsys_0 [altera_avalon_sysid_qsys 18.1]
Progress: Parameterizing module sysid_qsys_0
Progress: Building connections
Progress: Parameterizing connections
Progress: Validating
Progress: Done reading input file
Info: lab61soc.Add: PIO inputs are not hardwired in test bench. Undefined values will be read from PIO inputs during simulation.
Info: lab61soc.Execute: PIO inputs are not hardwired in test bench. Undefined values will be read from PIO inputs during simulation.
Info: lab61soc.sdram: SDRAM Controller will only be supported in Quartus Prime Standard Edition in the future release.
Info: lab61soc.switches: PIO inputs are not hardwired in test bench. Undefined values will be read from PIO inputs during simulation.
Info: lab61soc.sysid_qsys_0: System ID is not assigned automatically. Edit the System ID parameter to provide a unique ID
Info: lab61soc.sysid_qsys_0: Time stamp will be automatically updated when this component is generated.
Info: lab61soc: Generating lab61soc "lab61soc" for QUARTUS_SYNTH
Info: Inserting clock-crossing logic between cmd_demux.src5 and cmd_mux_005.sink0
Info: Inserting clock-crossing logic between cmd_demux_001.src5 and cmd_mux_005.sink1
Info: Inserting clock-crossing logic between rsp_demux_005.src0 and rsp_mux.sink5
Info: Inserting clock-crossing logic between rsp_demux_005.src1 and rsp_mux_001.sink5
Error: Generation stopped, 14 or more modules remaining
Info: lab61soc: Done "lab61soc" with 11 modules, 1 files
Error: qsys-generate failed with exit code 1: 1 Error, 0 Warnings
Info: Stopping: Create HDL design files for synthesis
